#
# A fatal error has been detected by the Java Runtime Environment:
#
#  Internal Error (exceptions.cpp:427), pid=13627, tid=0x000000000000e503
#  fatal error: ExceptionMark destructor expects no pending exceptions
#
# JRE version: Java(TM) SE Runtime Environment (8.0_171-b11) (build 1.8.0_171-b11)
# Java VM: Java HotSpot(TM) 64-Bit Server VM (25.171-b11 mixed mode bsd-amd64 compressed oops)
# Failed to write core dump. Core dumps have been disabled. To enable core dumping, try "ulimit -c unlimited" before starting Java again
#
# If you would like to submit a bug report, please visit:
#   http://bugreport.java.com/bugreport/crash.jsp
#

---------------  T H R E A D  ---------------

Current thread (0x00007fa2c9bca000):  JavaThread "main-FPSAWTAnimator#00-Timer0-FPSAWTAnimator#01-Timer1-FPSAWTAnimator#02-Timer2" [_thread_in_vm, id=58627, stack(0x00007000050a2000,0x00007000051a2000)]

Stack: [0x00007000050a2000,0x00007000051a2000],  sp=0x00007000051a0820,  free space=1018k
Native frames: (J=compiled Java code, j=interpreted, Vv=VM code, C=native code)
V  [libjvm.dylib+0x5b491e]
V  [libjvm.dylib+0x1e85c9]
V  [libjvm.dylib+0x242845]
V  [libjvm.dylib+0x395b0a]
V  [libjvm.dylib+0x2eb1cb]
j  jogamp.opengl.gl4.GL4bcImpl.getGL2()Lcom/jogamp/opengl/GL2;+17
j  processing.opengl.PJOGL.getGL(Lcom/jogamp/opengl/GLAutoDrawable;)V+57
j  processing.opengl.PSurfaceJOGL$DrawListener.display(Lcom/jogamp/opengl/GLAutoDrawable;)V+99
j  jogamp.opengl.GLDrawableHelper.displayImpl(Lcom/jogamp/opengl/GLAutoDrawable;)V+62
j  jogamp.opengl.GLDrawableHelper.display(Lcom/jogamp/opengl/GLAutoDrawable;)V+2
j  jogamp.opengl.GLAutoDrawableBase$2.run()V+59
j  jogamp.opengl.GLDrawableHelper.invokeGLImpl(Lcom/jogamp/opengl/GLDrawable;Lcom/jogamp/opengl/GLContext;Ljava/lang/Runnable;Ljava/lang/Runnable;)V+203
J 1950 C2 com.jogamp.opengl.util.FPSAnimator$MainTask.run()V (805 bytes) @ 0x0000000113fde9f8 [0x0000000113fde640+0x3b8]
j  java.util.TimerThread.mainLoop()V+221
j  java.util.TimerThread.run()V+1
v  ~StubRoutines::call_stub
V  [libjvm.dylib+0x2ef1f6]
V  [libjvm.dylib+0x2ef99a]
V  [libjvm.dylib+0x2efb46]
V  [libjvm.dylib+0x34a46d]
V  [libjvm.dylib+0x56eb0f]
V  [libjvm.dylib+0x57020a]
V  [libjvm.dylib+0x48d4a6]
C  [libsystem_pthread.dylib+0x3661]  _pthread_body+0x154
C  [libsystem_pthread.dylib+0x350d]  _pthread_body+0x0
C  [libsystem_pthread.dylib+0x2bf9]  thread_start+0xd
C  0x0000000000000000

Java frames: (J=compiled Java code, j=interpreted, Vv=VM code)
j  jogamp.opengl.gl4.GL4bcImpl.getGL2()Lcom/jogamp/opengl/GL2;+17
j  processing.opengl.PJOGL.getGL(Lcom/jogamp/opengl/GLAutoDrawable;)V+57
j  processing.opengl.PSurfaceJOGL$DrawListener.display(Lcom/jogamp/opengl/GLAutoDrawable;)V+99
j  jogamp.opengl.GLDrawableHelper.displayImpl(Lcom/jogamp/opengl/GLAutoDrawable;)V+62
j  jogamp.opengl.GLDrawableHelper.display(Lcom/jogamp/opengl/GLAutoDrawable;)V+2
j  jogamp.opengl.GLAutoDrawableBase$2.run()V+59
j  jogamp.opengl.GLDrawableHelper.invokeGLImpl(Lcom/jogamp/opengl/GLDrawable;Lcom/jogamp/opengl/GLContext;Ljava/lang/Runnable;Ljava/lang/Runnable;)V+203
J 1950 C2 com.jogamp.opengl.util.FPSAnimator$MainTask.run()V (805 bytes) @ 0x0000000113fde9f8 [0x0000000113fde640+0x3b8]
j  java.util.TimerThread.mainLoop()V+221
j  java.util.TimerThread.run()V+1
v  ~StubRoutines::call_stub

---------------  P R O C E S S  ---------------

Java Threads: ( => current thread )
  0x00007fa2c9a8e800 JavaThread "NativeWindowFactory_ShutdownHook" [_thread_blocked, id=68615, stack(0x000070000488a000,0x000070000498a000)]
  0x00007fa2cb1f0000 JavaThread "AWT-Shutdown" [_thread_blocked, id=59675, stack(0x00007000031bf000,0x00007000032bf000)]
  0x00007fa2c98a8000 JavaThread "main-FPSAWTAnimator#00-Timer0-FPSAWTAnimator#01-Timer1-FPSAWTAnimator#02-Timer2-FPSAWTAnimator#03-Timer3" [_thread_blocked, id=68355, stack(0x00007000053ab000,0x00007000054ab000)]
=>0x00007fa2c9bca000 JavaThread "main-FPSAWTAnimator#00-Timer0-FPSAWTAnimator#01-Timer1-FPSAWTAnimator#02-Timer2" [_thread_in_vm, id=58627, stack(0x00007000050a2000,0x00007000051a2000)]
  0x00007fa2cab9f800 JavaThread "Thread-6" [_thread_blocked, id=58439, stack(0x0000700004f9f000,0x000070000509f000)]
  0x00007fa2cb37b000 JavaThread "main-FPSAWTAnimator#00-Timer0-FPSAWTAnimator#01-Timer1" [_thread_blocked, id=57859, stack(0x0000700004e9c000,0x0000700004f9c000)]
  0x00007fa2cb37a000 JavaThread "Thread-4" [_thread_blocked, id=57359, stack(0x0000700004d99000,0x0000700004e99000)]
  0x00007fa2cb3ad000 JavaThread "DestroyJavaVM" [_thread_blocked, id=6147, stack(0x00007000032c5000,0x00007000033c5000)]
  0x00007fa2c9a4b800 JavaThread "main-FPSAWTAnimator#00-Timer0" [_thread_blocked, id=54535, stack(0x0000700004b93000,0x0000700004c93000)]
  0x00007fa2caab9000 JavaThread "Thread-2" [_thread_blocked, id=54291, stack(0x0000700004a90000,0x0000700004b90000)]
  0x00007fa2ca2cd800 JavaThread "main-Display-.macosx_nil-1-EDT-1" daemon [_thread_blocked, id=74247, stack(0x000070000498d000,0x0000700004a8d000)]
  0x00007fa2cb22e800 JavaThread "Java2D Disposer" daemon [_thread_blocked, id=77583, stack(0x0000700004787000,0x0000700004887000)]
  0x00007fa2ca13e800 JavaThread "Java2D Queue Flusher" daemon [_thread_blocked, id=85059, stack(0x0000700004684000,0x0000700004784000)]
  0x00007fa2c9830000 JavaThread "AWT-AppKit" daemon [_thread_in_native, id=775, stack(0x00007ffeea22a000,0x00007ffeeaa2a000)]
  0x00007fa2ca82c800 JavaThread "Service Thread" daemon [_thread_blocked, id=12803, stack(0x00007000041f2000,0x00007000042f2000)]
  0x00007fa2c9816800 JavaThread "C1 CompilerThread2" daemon [_thread_blocked, id=12291, stack(0x00007000040ef000,0x00007000041ef000)]
  0x00007fa2ca808800 JavaThread "C2 CompilerThread1" daemon [_thread_blocked, id=14851, stack(0x0000700003fec000,0x00007000040ec000)]
  0x00007fa2c9815800 JavaThread "C2 CompilerThread0" daemon [_thread_blocked, id=15363, stack(0x0000700003ee9000,0x0000700003fe9000)]
  0x00007fa2ca80e800 JavaThread "JDWP Command Reader" daemon [_thread_in_native, id=15619, stack(0x0000700003de6000,0x0000700003ee6000)]
  0x00007fa2c9815000 JavaThread "JDWP Event Helper Thread" daemon [_thread_blocked, id=15875, stack(0x0000700003ce3000,0x0000700003de3000)]
  0x00007fa2c9814000 JavaThread "JDWP Transport Listener: dt_socket" daemon [_thread_blocked, id=16391, stack(0x0000700003be0000,0x0000700003ce0000)]
  0x00007fa2cb037000 JavaThread "Signal Dispatcher" daemon [_thread_blocked, id=16647, stack(0x0000700003add000,0x0000700003bdd000)]
  0x00007fa2ca03d000 JavaThread "Finalizer" daemon [_thread_blocked, id=19715, stack(0x00007000039da000,0x0000700003ada000)]
  0x00007fa2ca03a000 JavaThread "Reference Handler" daemon [_thread_blocked, id=19971, stack(0x00007000038d7000,0x00007000039d7000)]

Other Threads:
  0x00007fa2ca814000 VMThread [stack: 0x00007000037d4000,0x00007000038d4000] [id=20483]
  0x00007fa2cb005800 WatcherThread [stack: 0x00007000042f5000,0x00007000043f5000] [id=14339]

VM state:synchronizing (normal execution)

VM Mutex/Monitor currently owned by a thread:  ([mutex/lock_event])
[0x00007fa2c940ea00] Threads_lock - owner thread: 0x00007fa2ca814000

Heap:
 PSYoungGen      total 246272K, used 138030K [0x0000000795580000, 0x00000007af880000, 0x00000007c0000000)
  eden space 165376K, 41% used [0x0000000795580000,0x0000000799817528,0x000000079f700000)
  from space 80896K, 86% used [0x000000079f700000,0x00000007a3b346d0,0x00000007a4600000)
  to   space 92672K, 0% used [0x00000007a9e00000,0x00000007a9e00000,0x00000007af880000)
 ParOldGen       total 139776K, used 88727K [0x0000000740000000, 0x0000000748880000, 0x0000000795580000)
  object space 139776K, 63% used [0x0000000740000000,0x00000007456a5da8,0x0000000748880000)
 Metaspace       used 17664K, capacity 17874K, committed 18048K, reserved 1064960K
  class space    used 1604K, capacity 1659K, committed 1664K, reserved 1048576K

Card table byte_map: [0x0000000106f6e000,0x000000010736f000] byte_map_base: 0x000000010356e000

Marking Bits: (ParMarkBitMap*) 0x00000001064f76e0
 Begin Bits: [0x000000010761a000, 0x000000010961a000)
 End Bits:   [0x000000010961a000, 0x000000010b61a000)

Polling page: 0x0000000105253000

CodeCache: size=245760Kb used=7262Kb max_used=7302Kb free=238497Kb
 bounds [0x00000001138e1000, 0x0000000114011000, 0x00000001228e1000]
 total_blobs=2700 nmethods=1838 adapters=783
 compilation: enabled

Compilation events (10 events):
Event: 55.184 Thread 0x00007fa2c9816800 2015       1       MovingObject::setRightMobility (6 bytes)
Event: 55.185 Thread 0x00007fa2c9816800 nmethod 2015 0x0000000113b09c10 code [0x0000000113b09d60, 0x0000000113b09e70]
Event: 55.492 Thread 0x00007fa2c9816800 2016       3       jogamp.newt.WindowImpl::consumeEvent (358 bytes)
Event: 55.499 Thread 0x00007fa2c9816800 nmethod 2016 0x0000000113d7d310 code [0x0000000113d7d5e0, 0x0000000113d7ef78]
Event: 55.499 Thread 0x00007fa2c9816800 2017       3       jogamp.newt.event.NEWTEventTask::setDispatched (6 bytes)
Event: 55.500 Thread 0x00007fa2c9816800 nmethod 2017 0x0000000113c838d0 code [0x0000000113c83a20, 0x0000000113c83b90]
Event: 55.915 Thread 0x00007fa2c9816800 2018   !   3       jogamp.newt.event.NEWTEventTask::notifyCaller (37 bytes)
Event: 55.917 Thread 0x00007fa2c9816800 nmethod 2018 0x0000000113e1d090 code [0x0000000113e1d220, 0x0000000113e1d728]
Event: 56.480 Thread 0x00007fa2c9816800 2019       3       java.nio.charset.CharsetDecoder::reset (11 bytes)
Event: 56.481 Thread 0x00007fa2c9816800 nmethod 2019 0x0000000113c8a890 code [0x0000000113c8aa00, 0x0000000113c8ac28]

GC Heap History (10 events):
Event: 4.604 GC heap before
{Heap before GC invocations=7 (full 2):
 PSYoungGen      total 65024K, used 368K [0x0000000795580000, 0x00000007a1c80000, 0x00000007c0000000)
  eden space 59904K, 0% used [0x0000000795580000,0x0000000795580000,0x0000000799000000)
  from space 5120K, 7% used [0x0000000799000000,0x000000079905c010,0x0000000799500000)
  to   space 47616K, 0% used [0x000000079ee00000,0x000000079ee00000,0x00000007a1c80000)
 ParOldGen       total 111104K, used 75655K [0x0000000740000000, 0x0000000746c80000, 0x0000000795580000)
  object space 111104K, 68% used [0x0000000740000000,0x00000007449e1e10,0x0000000746c80000)
 Metaspace       used 15801K, capacity 15946K, committed 16128K, reserved 1064960K
  class space    used 1466K, capacity 1531K, committed 1536K, reserved 1048576K
Event: 4.619 GC heap after
Heap after GC invocations=7 (full 2):
 PSYoungGen      total 65024K, used 0K [0x0000000795580000, 0x00000007a1c80000, 0x00000007c0000000)
  eden space 59904K, 0% used [0x0000000795580000,0x0000000795580000,0x0000000799000000)
  from space 5120K, 0% used [0x0000000799000000,0x0000000799000000,0x0000000799500000)
  to   space 47616K, 0% used [0x000000079ee00000,0x000000079ee00000,0x00000007a1c80000)
 ParOldGen       total 139776K, used 46738K [0x0000000740000000, 0x0000000748880000, 0x0000000795580000)
  object space 139776K, 33% used [0x0000000740000000,0x0000000742da4a98,0x0000000748880000)
 Metaspace       used 15801K, capacity 15946K, committed 16128K, reserved 1064960K
  class space    used 1466K, capacity 1531K, committed 1536K, reserved 1048576K
}
Event: 5.259 GC heap before
{Heap before GC invocations=8 (full 2):
 PSYoungGen      total 65024K, used 57915K [0x0000000795580000, 0x00000007a1c80000, 0x00000007c0000000)
  eden space 59904K, 96% used [0x0000000795580000,0x0000000798e0ec18,0x0000000799000000)
  from space 5120K, 0% used [0x0000000799000000,0x0000000799000000,0x0000000799500000)
  to   space 47616K, 0% used [0x000000079ee00000,0x000000079ee00000,0x00000007a1c80000)
 ParOldGen       total 139776K, used 46738K [0x0000000740000000, 0x0000000748880000, 0x0000000795580000)
  object space 139776K, 33% used [0x0000000740000000,0x0000000742da4a98,0x0000000748880000)
 Metaspace       used 15871K, capacity 16010K, committed 16128K, reserved 1064960K
  class space    used 1469K, capacity 1531K, committed 1536K, reserved 1048576K
Event: 5.286 GC heap after
Heap after GC invocations=8 (full 2):
 PSYoungGen      total 145408K, used 41159K [0x0000000795580000, 0x00000007a3080000, 0x00000007c0000000)
  eden space 97792K, 0% used [0x0000000795580000,0x0000000795580000,0x000000079b500000)
  from space 47616K, 86% used [0x000000079ee00000,0x00000007a1631cb8,0x00000007a1c80000)
  to   space 58368K, 0% used [0x000000079b500000,0x000000079b500000,0x000000079ee00000)
 ParOldGen       total 139776K, used 72526K [0x0000000740000000, 0x0000000748880000, 0x0000000795580000)
  object space 139776K, 51% used [0x0000000740000000,0x00000007446d3978,0x0000000748880000)
 Metaspace       used 15871K, capacity 16010K, committed 16128K, reserved 1064960K
  class space    used 1469K, capacity 1531K, committed 1536K, reserved 1048576K
}
Event: 6.621 GC heap before
{Heap before GC invocations=9 (full 2):
 PSYoungGen      total 145408K, used 138951K [0x0000000795580000, 0x00000007a3080000, 0x00000007c0000000)
  eden space 97792K, 100% used [0x0000000795580000,0x000000079b500000,0x000000079b500000)
  from space 47616K, 86% used [0x000000079ee00000,0x00000007a1631cb8,0x00000007a1c80000)
  to   space 58368K, 0% used [0x000000079b500000,0x000000079b500000,0x000000079ee00000)
 ParOldGen       total 139776K, used 72526K [0x0000000740000000, 0x0000000748880000, 0x0000000795580000)
  object space 139776K, 51% used [0x0000000740000000,0x00000007446d3978,0x0000000748880000)
 Metaspace       used 16066K, capacity 16266K, committed 16384K, reserved 1064960K
  class space    used 1480K, capacity 1531K, committed 1536K, reserved 1048576K
Event: 6.675 GC heap after
Heap after GC invocations=9 (full 2):
 PSYoungGen      total 156160K, used 51389K [0x0000000795580000, 0x00000007a8a80000, 0x00000007c0000000)
  eden space 97792K, 0% used [0x0000000795580000,0x0000000795580000,0x000000079b500000)
  from space 58368K, 88% used [0x000000079b500000,0x000000079e72f4c8,0x000000079ee00000)
  to   space 70144K, 0% used [0x00000007a4600000,0x00000007a4600000,0x00000007a8a80000)
 ParOldGen       total 139776K, used 88159K [0x0000000740000000, 0x0000000748880000, 0x0000000795580000)
  object space 139776K, 63% used [0x0000000740000000,0x0000000745617d88,0x0000000748880000)
 Metaspace       used 16066K, capacity 16266K, committed 16384K, reserved 1064960K
  class space    used 1480K, capacity 1531K, committed 1536K, reserved 1048576K
}
Event: 7.580 GC heap before
{Heap before GC invocations=10 (full 2):
 PSYoungGen      total 156160K, used 148644K [0x0000000795580000, 0x00000007a8a80000, 0x00000007c0000000)
  eden space 97792K, 99% used [0x0000000795580000,0x000000079b479ca0,0x000000079b500000)
  from space 58368K, 88% used [0x000000079b500000,0x000000079e72f4c8,0x000000079ee00000)
  to   space 70144K, 0% used [0x00000007a4600000,0x00000007a4600000,0x00000007a8a80000)
 ParOldGen       total 139776K, used 88159K [0x0000000740000000, 0x0000000748880000, 0x0000000795580000)
  object space 139776K, 63% used [0x0000000740000000,0x0000000745617d88,0x0000000748880000)
 Metaspace       used 16613K, capacity 16778K, committed 17024K, reserved 1064960K
  class space    used 1522K, capacity 1595K, committed 1664K, reserved 1048576K
Event: 7.648 GC heap after
Heap after GC invocations=10 (full 2):
 PSYoungGen      total 235520K, used 58817K [0x0000000795580000, 0x00000007aa280000, 0x00000007c0000000)
  eden space 165376K, 0% used [0x0000000795580000,0x0000000795580000,0x000000079f700000)
  from space 70144K, 83% used [0x00000007a4600000,0x00000007a7f70770,0x00000007a8a80000)
  to   space 80896K, 0% used [0x000000079f700000,0x000000079f700000,0x00000007a4600000)
 ParOldGen       total 139776K, used 88167K [0x0000000740000000, 0x0000000748880000, 0x0000000795580000)
  object space 139776K, 63% used [0x0000000740000000,0x0000000745619d88,0x0000000748880000)
 Metaspace       used 16613K, capacity 16778K, committed 17024K, reserved 1064960K
  class space    used 1522K, capacity 1595K, committed 1664K, reserved 1048576K
}
Event: 33.712 GC heap before
{Heap before GC invocations=11 (full 2):
 PSYoungGen      total 235520K, used 222029K [0x0000000795580000, 0x00000007aa280000, 0x00000007c0000000)
  eden space 165376K, 98% used [0x0000000795580000,0x000000079f4e2d78,0x000000079f700000)
  from space 70144K, 83% used [0x00000007a4600000,0x00000007a7f70770,0x00000007a8a80000)
  to   space 80896K, 0% used [0x000000079f700000,0x000000079f700000,0x00000007a4600000)
 ParOldGen       total 139776K, used 88167K [0x0000000740000000, 0x0000000748880000, 0x0000000795580000)
  object space 139776K, 63% used [0x0000000740000000,0x0000000745619d88,0x0000000748880000)
 Metaspace       used 17609K, capacity 17746K, committed 18048K, reserved 1064960K
  class space    used 1601K, capacity 1659K, committed 1664K, reserved 1048576K
Event: 33.751 GC heap after
Heap after GC invocations=11 (full 2):
 PSYoungGen      total 246272K, used 69841K [0x0000000795580000, 0x00000007af880000, 0x00000007c0000000)
  eden space 165376K, 0% used [0x0000000795580000,0x0000000795580000,0x000000079f700000)
  from space 80896K, 86% used [0x000000079f700000,0x00000007a3b346d0,0x00000007a4600000)
  to   space 92672K, 0% used [0x00000007a9e00000,0x00000007a9e00000,0x00000007af880000)
 ParOldGen       total 139776K, used 88727K [0x0000000740000000, 0x0000000748880000, 0x0000000795580000)
  object space 139776K, 63% used [0x0000000740000000,0x00000007456a5da8,0x0000000748880000)
 Metaspace       used 17609K, capacity 17746K, committed 18048K, reserved 1064960K
  class space    used 1601K, capacity 1659K, committed 1664K, reserved 1048576K
}

Deoptimization events (10 events):
Event: 56.449 Thread 0x00007fa2c9a4b800 Uncommon trap: reason=unhandled action=none pc=0x0000000113ffea80 method=jogamp.opengl.gl4.GL4bcImpl.getGL2()Lcom/jogamp/opengl/GL2; @ 17
Event: 56.453 Thread 0x00007fa2c9bca000 Uncommon trap: reason=unhandled action=none pc=0x0000000113ffea80 method=jogamp.opengl.gl4.GL4bcImpl.getGL2()Lcom/jogamp/opengl/GL2; @ 17
Event: 56.454 Thread 0x00007fa2c98a8000 Uncommon trap: reason=unhandled action=none pc=0x0000000113ffea80 method=jogamp.opengl.gl4.GL4bcImpl.getGL2()Lcom/jogamp/opengl/GL2; @ 17
Event: 56.455 Thread 0x00007fa2cb37b000 Uncommon trap: reason=unhandled action=none pc=0x0000000113ffea80 method=jogamp.opengl.gl4.GL4bcImpl.getGL2()Lcom/jogamp/opengl/GL2; @ 17
Event: 56.466 Thread 0x00007fa2c9a4b800 Uncommon trap: reason=unhandled action=none pc=0x0000000113ffea80 method=jogamp.opengl.gl4.GL4bcImpl.getGL2()Lcom/jogamp/opengl/GL2; @ 17
Event: 56.470 Thread 0x00007fa2c98a8000 Uncommon trap: reason=unhandled action=none pc=0x0000000113ffea80 method=jogamp.opengl.gl4.GL4bcImpl.getGL2()Lcom/jogamp/opengl/GL2; @ 17
Event: 56.471 Thread 0x00007fa2c9bca000 Uncommon trap: reason=unhandled action=none pc=0x0000000113ffea80 method=jogamp.opengl.gl4.GL4bcImpl.getGL2()Lcom/jogamp/opengl/GL2; @ 17
Event: 56.471 Thread 0x00007fa2cb37b000 Uncommon trap: reason=unhandled action=none pc=0x0000000113ffea80 method=jogamp.opengl.gl4.GL4bcImpl.getGL2()Lcom/jogamp/opengl/GL2; @ 17
Event: 56.482 Thread 0x00007fa2c9a4b800 Uncommon trap: reason=unhandled action=none pc=0x0000000113ffea80 method=jogamp.opengl.gl4.GL4bcImpl.getGL2()Lcom/jogamp/opengl/GL2; @ 17
Event: 56.491 Thread 0x00007fa2c9bca000 Uncommon trap: reason=unhandled action=none pc=0x0000000113ffea80 method=jogamp.opengl.gl4.GL4bcImpl.getGL2()Lcom/jogamp/opengl/GL2; @ 17

Classes redefined (0 events):
No events

Internal exceptions (10 events):
Event: 0.967 Thread 0x00007fa2ca00d000 Exception <a 'java/lang/UnsatisfiedLinkError': com.jogamp.common.util.JarUtil.fixNativeLibAttribs(Ljava/lang/String;)Z> (0x0000000796074f08) thrown at [/Users/java_re/workspace/8-2-build-macosx-x86_64/jdk8u171/10807/hotspot/src/share/vm/prims/nativeLookup
Event: 4.533 Thread 0x00007fa2cb37b000 Implicit null exception at 0x0000000113d26b6f to 0x0000000113d26bdd
Event: 4.533 Thread 0x00007fa2cb37b000 Implicit null exception at 0x0000000113d3bcef to 0x0000000113d3bdc9
Event: 4.534 Thread 0x00007fa2cb37b000 Implicit null exception at 0x0000000113ce14ac to 0x0000000113ce1505
Event: 56.474 Thread 0x00007fa2ca339800 Exception <a 'java/lang/InterruptedException'> (0x0000000799685ae0) thrown at [/Users/java_re/workspace/8-2-build-macosx-x86_64/jdk8u171/10807/hotspot/src/share/vm/runtime/objectMonitor.cpp, line 1684]
Event: 56.482 Thread 0x00007fa2c9a8e800 JVM_StopThread thread JavaThread 0x00007fa2c9a4b800 as oop 0x00000007410dc348 [exception 0x0000700004988b00]
Event: 56.483 Thread 0x00007fa2c9a8e800 JVM_StopThread thread JavaThread 0x00007fa2cb37b000 as oop 0x0000000742d75af0 [exception 0x0000700004988b00]
Event: 56.483 Thread 0x00007fa2cb37b000 Exception <a 'java/lang/ThreadDeath'> (0x00000007997a6cd0) thrown at [/Users/java_re/workspace/8-2-build-macosx-x86_64/jdk8u171/10807/hotspot/src/share/vm/runtime/objectMonitor.cpp, line 1684]
Event: 56.491 Thread 0x00007fa2c9a8e800 JVM_StopThread thread JavaThread 0x00007fa2c9bca000 as oop 0x000000074561bf00 [exception 0x0000700004988b00]
Event: 56.491 Thread 0x00007fa2c9bca000 Exception <a 'java/lang/ThreadDeath'> (0x00000007997a6ef0) thrown at [/Users/java_re/workspace/8-2-build-macosx-x86_64/jdk8u171/10807/hotspot/src/share/vm/prims/jni.cpp, line 709]

Events (10 events):
Event: 56.483 Executing VM operation: GetOrSetLocal
Event: 56.484 Executing VM operation: GetOrSetLocal done
Event: 56.484 Executing VM operation: EnterInterpOnlyMode
Event: 56.491 Executing VM operation: EnterInterpOnlyMode done
Event: 56.491 Thread 0x00007fa2c9bca000 Uncommon trap: trap_request=0xffffffa7 fr.pc=0x0000000113ffea80
Event: 56.491 Thread 0x00007fa2c9bca000 DEOPT PACKING pc=0x0000000113ffea80 sp=0x00007000051a1670
Event: 56.491 Thread 0x00007fa2c9bca000 DEOPT UNPACKING pc=0x000000011392673a sp=0x00007000051a13f0 mode 2
Event: 56.491 Executing VM operation: ThreadStop
Event: 56.491 Executing VM operation: ThreadStop done
Event: 56.492 Executing VM operation: RevokeBias


Dynamic libraries:
0x000000000f4e5000 	/System/Library/Frameworks/Cocoa.framework/Versions/A/Cocoa
0x000000000f4e5000 	/System/Library/Frameworks/Security.framework/Versions/A/Security
0x000000000f4e5000 	/System/Library/Frameworks/ApplicationServices.framework/Versions/A/ApplicationServices
0x000000000f4e5000 	/usr/lib/libz.1.dylib
0x000000000f4e5000 	/usr/lib/libSystem.B.dylib
0x000000000f4e5000 	/usr/lib/libobjc.A.dylib
0x000000000f4e5000 	/System/Library/Frameworks/CoreFoundation.framework/Versions/A/CoreFoundation
0x000000000f4e5000 	/System/Library/Frameworks/Foundation.framework/Versions/C/Foundation
0x000000000f4e5000 	/System/Library/Frameworks/AppKit.framework/Versions/C/AppKit
0x000000000f4e5000 	/System/Library/Frameworks/CoreData.framework/Versions/A/CoreData
0x000000000f4e5000 	/System/Library/PrivateFrameworks/RemoteViewServices.framework/Versions/A/RemoteViewServices
0x000000000f4e5000 	/System/Library/PrivateFrameworks/UIFoundation.framework/Versions/A/UIFoundation
0x000000000f4e5000 	/System/Library/PrivateFrameworks/DFRFoundation.framework/Versions/A/DFRFoundation
0x000000000f4e5000 	/System/Library/Frameworks/Metal.framework/Versions/A/Metal
0x000000000f4e5000 	/System/Library/PrivateFrameworks/DesktopServicesPriv.framework/Versions/A/DesktopServicesPriv
0x000000000f4e5000 	/usr/lib/libenergytrace.dylib
0x000000000f4e5000 	/System/Library/PrivateFrameworks/SkyLight.framework/Versions/A/SkyLight
0x000000000f4e5000 	/System/Library/Frameworks/CoreGraphics.framework/Versions/A/CoreGraphics
0x000000000f4e5000 	/usr/lib/libScreenReader.dylib
0x000000000f4e5000 	/System/Library/Frameworks/Accelerate.framework/Versions/A/Accelerate
0x000000000f4e5000 	/System/Library/Frameworks/IOSurface.framework/Versions/A/IOSurface
0x000000000f4e5000 	/System/Library/Frameworks/AudioToolbox.framework/Versions/A/AudioToolbox
0x000000000f4e5000 	/System/Library/Frameworks/AudioUnit.framework/Versions/A/AudioUnit
0x000000000f4e5000 	/System/Library/PrivateFrameworks/DataDetectorsCore.framework/Versions/A/DataDetectorsCore
0x000000000f4e5000 	/System/Library/Frameworks/Carbon.framework/Versions/A/Frameworks/HIToolbox.framework/Versions/A/HIToolbox
0x000000000f4e5000 	/usr/lib/libicucore.A.dylib
0x000000000f4e5000 	/System/Library/Frameworks/QuartzCore.framework/Versions/A/QuartzCore
0x000000000f4e5000 	/System/Library/PrivateFrameworks/SignpostNotification.framework/Versions/A/SignpostNotification
0x000000000f4e5000 	/System/Library/Frameworks/Carbon.framework/Versions/A/Frameworks/SpeechRecognition.framework/Versions/A/SpeechRecognition
0x000000000f4e5000 	/usr/lib/libauto.dylib
0x000000000f4e5000 	/usr/lib/libxml2.2.dylib
0x000000000f4e5000 	/System/Library/PrivateFrameworks/CoreUI.framework/Versions/A/CoreUI
0x000000000f4e5000 	/System/Library/Frameworks/CoreAudio.framework/Versions/A/CoreAudio
0x000000000f4e5000 	/System/Library/Frameworks/DiskArbitration.framework/Versions/A/DiskArbitration
0x000000000f4e5000 	/usr/lib/liblangid.dylib
0x000000000f4e5000 	/System/Library/PrivateFrameworks/MultitouchSupport.framework/Versions/A/MultitouchSupport
0x000000000f4e5000 	/System/Library/Frameworks/IOKit.framework/Versions/A/IOKit
0x000000000f4e5000 	/usr/lib/libDiagnosticMessagesClient.dylib
0x000000000f4e5000 	/System/Library/Frameworks/CoreServices.framework/Versions/A/CoreServices
0x000000000f4e5000 	/System/Library/PrivateFrameworks/PerformanceAnalysis.framework/Versions/A/PerformanceAnalysis
0x000000000f4e5000 	/System/Library/Frameworks/OpenGL.framework/Versions/A/OpenGL
0x000000000f4e5000 	/System/Library/Frameworks/ColorSync.framework/Versions/A/ColorSync
0x000000000f4e5000 	/System/Library/Frameworks/CoreImage.framework/Versions/A/CoreImage
0x000000000f4e5000 	/System/Library/Frameworks/CoreText.framework/Versions/A/CoreText
0x000000000f4e5000 	/System/Library/Frameworks/ImageIO.framework/Versions/A/ImageIO
0x000000000f4e5000 	/System/Library/PrivateFrameworks/Backup.framework/Versions/A/Backup
0x000000000f4e5000 	/usr/lib/libarchive.2.dylib
0x000000000f4e5000 	/System/Library/Frameworks/CFNetwork.framework/Versions/A/CFNetwork
0x000000000f4e5000 	/System/Library/Frameworks/SystemConfiguration.framework/Versions/A/SystemConfiguration
0x000000000f4e5000 	/usr/lib/libCRFSuite.dylib
0x000000000f4e5000 	/usr/lib/libc++.1.dylib
0x000000000f4e5000 	/usr/lib/libc++abi.dylib
0x000000000f4e5000 	/usr/lib/system/libcache.dylib
0x000000000f4e5000 	/usr/lib/system/libcommonCrypto.dylib
0x000000000f4e5000 	/usr/lib/system/libcompiler_rt.dylib
0x000000000f4e5000 	/usr/lib/system/libcopyfile.dylib
0x000000000f4e5000 	/usr/lib/system/libcorecrypto.dylib
0x000000000f4e5000 	/usr/lib/system/libdispatch.dylib
0x000000000f4e5000 	/usr/lib/system/libdyld.dylib
0x000000000f4e5000 	/usr/lib/system/libkeymgr.dylib
0x000000000f4e5000 	/usr/lib/system/liblaunch.dylib
0x000000000f4e5000 	/usr/lib/system/libmacho.dylib
0x000000000f4e5000 	/usr/lib/system/libquarantine.dylib
0x000000000f4e5000 	/usr/lib/system/libremovefile.dylib
0x000000000f4e5000 	/usr/lib/system/libsystem_asl.dylib
0x000000000f4e5000 	/usr/lib/system/libsystem_blocks.dylib
0x000000000f4e5000 	/usr/lib/system/libsystem_c.dylib
0x000000000f4e5000 	/usr/lib/system/libsystem_configuration.dylib
0x000000000f4e5000 	/usr/lib/system/libsystem_coreservices.dylib
0x000000000f4e5000 	/usr/lib/system/libsystem_darwin.dylib
0x000000000f4e5000 	/usr/lib/system/libsystem_dnssd.dylib
0x000000000f4e5000 	/usr/lib/system/libsystem_info.dylib
0x000000000f4e5000 	/usr/lib/system/libsystem_m.dylib
0x000000000f4e5000 	/usr/lib/system/libsystem_malloc.dylib
0x000000000f4e5000 	/usr/lib/system/libsystem_network.dylib
0x000000000f4e5000 	/usr/lib/system/libsystem_networkextension.dylib
0x000000000f4e5000 	/usr/lib/system/libsystem_notify.dylib
0x000000000f4e5000 	/usr/lib/system/libsystem_sandbox.dylib
0x000000000f4e5000 	/usr/lib/system/libsystem_secinit.dylib
0x000000000f4e5000 	/usr/lib/system/libsystem_kernel.dylib
0x000000000f4e5000 	/usr/lib/system/libsystem_platform.dylib
0x000000000f4e5000 	/usr/lib/system/libsystem_pthread.dylib
0x000000000f4e5000 	/usr/lib/system/libsystem_symptoms.dylib
0x000000000f4e5000 	/usr/lib/system/libsystem_trace.dylib
0x000000000f4e5000 	/usr/lib/system/libunwind.dylib
0x000000000f4e5000 	/usr/lib/system/libxpc.dylib
0x000000000f4e5000 	/usr/lib/closure/libclosured.dylib
0x000000000f4e5000 	/usr/lib/libbsm.0.dylib
0x000000000f4e5000 	/usr/lib/system/libkxld.dylib
0x000000000f4e5000 	/usr/lib/libOpenScriptingUtil.dylib
0x000000000f4e5000 	/usr/lib/libcoretls.dylib
0x000000000f4e5000 	/usr/lib/libcoretls_cfhelpers.dylib
0x000000000f4e5000 	/usr/lib/libpam.2.dylib
0x000000000f4e5000 	/usr/lib/libsqlite3.dylib
0x000000000f4e5000 	/usr/lib/libxar.1.dylib
0x000000000f4e5000 	/usr/lib/libbz2.1.0.dylib
0x000000000f4e5000 	/usr/lib/liblzma.5.dylib
0x000000000f4e5000 	/usr/lib/libnetwork.dylib
0x000000000f4e5000 	/usr/lib/libapple_nghttp2.dylib
0x000000000f4e5000 	/usr/lib/libpcap.A.dylib
0x000000000f4e5000 	/usr/lib/libboringssl.dylib
0x000000000f4e5000 	/usr/lib/libusrtcp.dylib
0x000000000f4e5000 	/usr/lib/libapple_crypto.dylib
0x000000000f4e5000 	/System/Library/Frameworks/CoreServices.framework/Versions/A/Frameworks/FSEvents.framework/Versions/A/FSEvents
0x000000000f4e5000 	/System/Library/Frameworks/CoreServices.framework/Versions/A/Frameworks/CarbonCore.framework/Versions/A/CarbonCore
0x000000000f4e5000 	/System/Library/Frameworks/CoreServices.framework/Versions/A/Frameworks/Metadata.framework/Versions/A/Metadata
0x000000000f4e5000 	/System/Library/Frameworks/CoreServices.framework/Versions/A/Frameworks/OSServices.framework/Versions/A/OSServices
0x000000000f4e5000 	/System/Library/Frameworks/CoreServices.framework/Versions/A/Frameworks/SearchKit.framework/Versions/A/SearchKit
0x000000000f4e5000 	/System/Library/Frameworks/CoreServices.framework/Versions/A/Frameworks/AE.framework/Versions/A/AE
0x000000000f4e5000 	/System/Library/Frameworks/CoreServices.framework/Versions/A/Frameworks/LaunchServices.framework/Versions/A/LaunchServices
0x000000000f4e5000 	/System/Library/Frameworks/CoreServices.framework/Versions/A/Frameworks/DictionaryServices.framework/Versions/A/DictionaryServices
0x000000000f4e5000 	/System/Library/Frameworks/CoreServices.framework/Versions/A/Frameworks/SharedFileList.framework/Versions/A/SharedFileList
0x000000000f4e5000 	/System/Library/Frameworks/NetFS.framework/Versions/A/NetFS
0x000000000f4e5000 	/System/Library/PrivateFrameworks/NetAuth.framework/Versions/A/NetAuth
0x000000000f4e5000 	/System/Library/PrivateFrameworks/login.framework/Versions/A/Frameworks/loginsupport.framework/Versions/A/loginsupport
0x000000000f4e5000 	/System/Library/PrivateFrameworks/TCC.framework/Versions/A/TCC
0x000000000f4e5000 	/usr/lib/libmecabra.dylib
0x000000000f4e5000 	/System/Library/Frameworks/ApplicationServices.framework/Versions/A/Frameworks/ATS.framework/Versions/A/ATS
0x000000000f4e5000 	/System/Library/Frameworks/ApplicationServices.framework/Versions/A/Frameworks/ColorSyncLegacy.framework/Versions/A/ColorSyncLegacy
0x000000000f4e5000 	/System/Library/Frameworks/ApplicationServices.framework/Versions/A/Frameworks/HIServices.framework/Versions/A/HIServices
0x000000000f4e5000 	/System/Library/Frameworks/ApplicationServices.framework/Versions/A/Frameworks/LangAnalysis.framework/Versions/A/LangAnalysis
0x000000000f4e5000 	/System/Library/Frameworks/ApplicationServices.framework/Versions/A/Frameworks/PrintCore.framework/Versions/A/PrintCore
0x000000000f4e5000 	/System/Library/Frameworks/ApplicationServices.framework/Versions/A/Frameworks/QD.framework/Versions/A/QD
0x000000000f4e5000 	/System/Library/Frameworks/ApplicationServices.framework/Versions/A/Frameworks/SpeechSynthesis.framework/Versions/A/SpeechSynthesis
0x000000000f4e5000 	/System/Library/Frameworks/CoreDisplay.framework/Versions/A/CoreDisplay
0x000000000f4e5000 	/System/Library/Frameworks/Accelerate.framework/Versions/A/Frameworks/vImage.framework/Versions/A/vImage
0x000000000f4e5000 	/System/Library/Frameworks/Accelerate.framework/Versions/A/Frameworks/vecLib.framework/Versions/A/vecLib
0x000000000f4e5000 	/System/Library/Frameworks/Accelerate.framework/Versions/A/Frameworks/vecLib.framework/Versions/A/libvDSP.dylib
0x000000000f4e5000 	/System/Library/Frameworks/Accelerate.framework/Versions/A/Frameworks/vecLib.framework/Versions/A/libBNNS.dylib
0x000000000f4e5000 	/System/Library/Frameworks/Accelerate.framework/Versions/A/Frameworks/vecLib.framework/Versions/A/libQuadrature.dylib
0x000000000f4e5000 	/System/Library/Frameworks/Accelerate.framework/Versions/A/Frameworks/vecLib.framework/Versions/A/libvMisc.dylib
0x000000000f4e5000 	/System/Library/Frameworks/Accelerate.framework/Versions/A/Frameworks/vecLib.framework/Versions/A/libLAPACK.dylib
0x000000000f4e5000 	/System/Library/Frameworks/Accelerate.framework/Versions/A/Frameworks/vecLib.framework/Versions/A/libBLAS.dylib
0x000000000f4e5000 	/System/Library/Frameworks/Accelerate.framework/Versions/A/Frameworks/vecLib.framework/Versions/A/libLinearAlgebra.dylib
0x000000000f4e5000 	/System/Library/Frameworks/Accelerate.framework/Versions/A/Frameworks/vecLib.framework/Versions/A/libSparse.dylib
0x000000000f4e5000 	/System/Library/Frameworks/Accelerate.framework/Versions/A/Frameworks/vecLib.framework/Versions/A/libSparseBLAS.dylib
0x000000000f4e5000 	/System/Library/PrivateFrameworks/GPUWrangler.framework/Versions/A/GPUWrangler
0x000000000f4e5000 	/System/Library/PrivateFrameworks/IOAccelerator.framework/Versions/A/IOAccelerator
0x000000000f4e5000 	/System/Library/PrivateFrameworks/IOPresentment.framework/Versions/A/IOPresentment
0x000000000f4e5000 	/System/Library/PrivateFrameworks/DSExternalDisplay.framework/Versions/A/DSExternalDisplay
0x000000000f4e5000 	/System/Library/Frameworks/OpenGL.framework/Versions/A/Libraries/libCoreFSCache.dylib
0x000000000f4e5000 	/System/Library/Frameworks/CoreVideo.framework/Versions/A/CoreVideo
0x000000000f4e5000 	/System/Library/PrivateFrameworks/GraphVisualizer.framework/Versions/A/GraphVisualizer
0x000000000f4e5000 	/System/Library/Frameworks/MetalPerformanceShaders.framework/Versions/A/MetalPerformanceShaders
0x000000000f4e5000 	/usr/lib/libFosl_dynamic.dylib
0x000000000f4e5000 	/System/Library/PrivateFrameworks/FaceCore.framework/Versions/A/FaceCore
0x000000000f4e5000 	/System/Library/Frameworks/OpenCL.framework/Versions/A/OpenCL
0x000000000f4e5000 	/usr/lib/libcompression.dylib
0x000000000f4e5000 	/System/Library/Frameworks/ApplicationServices.framework/Versions/A/Frameworks/ATS.framework/Versions/A/Resources/libFontParser.dylib
0x000000000f4e5000 	/System/Library/Frameworks/ApplicationServices.framework/Versions/A/Frameworks/ATS.framework/Versions/A/Resources/libFontRegistry.dylib
0x000000000f4e5000 	/System/Library/Frameworks/ImageIO.framework/Versions/A/Resources/libJPEG.dylib
0x000000000f4e5000 	/System/Library/Frameworks/ImageIO.framework/Versions/A/Resources/libTIFF.dylib
0x000000000f4e5000 	/System/Library/Frameworks/ImageIO.framework/Versions/A/Resources/libPng.dylib
0x000000000f4e5000 	/System/Library/Frameworks/ImageIO.framework/Versions/A/Resources/libGIF.dylib
0x000000000f4e5000 	/System/Library/Frameworks/ImageIO.framework/Versions/A/Resources/libJP2.dylib
0x000000000f4e5000 	/System/Library/Frameworks/ImageIO.framework/Versions/A/Resources/libRadiance.dylib
0x000000000f4e5000 	/System/Library/PrivateFrameworks/AppleJPEG.framework/Versions/A/AppleJPEG
0x000000000f4e5000 	/System/Library/Frameworks/MetalPerformanceShaders.framework/Frameworks/MPSCore.framework/Versions/A/MPSCore
0x000000000f4e5000 	/System/Library/Frameworks/MetalPerformanceShaders.framework/Frameworks/MPSImage.framework/Versions/A/MPSImage
0x000000000f4e5000 	/System/Library/Frameworks/MetalPerformanceShaders.framework/Frameworks/MPSNeuralNetwork.framework/Versions/A/MPSNeuralNetwork
0x000000000f4e5000 	/System/Library/Frameworks/MetalPerformanceShaders.framework/Frameworks/MPSMatrix.framework/Versions/A/MPSMatrix
0x000000000f4e5000 	/System/Library/PrivateFrameworks/MetalTools.framework/Versions/A/MetalTools
0x000000000f4e5000 	/System/Library/Frameworks/OpenGL.framework/Versions/A/Libraries/libGLU.dylib
0x000000000f4e5000 	/System/Library/Frameworks/OpenGL.framework/Versions/A/Libraries/libGFXShared.dylib
0x000000000f4e5000 	/System/Library/Frameworks/OpenGL.framework/Versions/A/Libraries/libGL.dylib
0x000000000f4e5000 	/System/Library/Frameworks/OpenGL.framework/Versions/A/Libraries/libGLImage.dylib
0x000000000f4e5000 	/System/Library/Frameworks/OpenGL.framework/Versions/A/Libraries/libCVMSPluginSupport.dylib
0x000000000f4e5000 	/System/Library/Frameworks/OpenGL.framework/Versions/A/Libraries/libCoreVMClient.dylib
0x000000000f4e5000 	/usr/lib/libcups.2.dylib
0x000000000f4e5000 	/System/Library/Frameworks/Kerberos.framework/Versions/A/Kerberos
0x000000000f4e5000 	/System/Library/Frameworks/GSS.framework/Versions/A/GSS
0x000000000f4e5000 	/usr/lib/libresolv.9.dylib
0x000000000f4e5000 	/usr/lib/libiconv.2.dylib
0x000000000f4e5000 	/System/Library/PrivateFrameworks/Heimdal.framework/Versions/A/Heimdal
0x000000000f4e5000 	/usr/lib/libheimdal-asn1.dylib
0x000000000f4e5000 	/System/Library/Frameworks/OpenDirectory.framework/Versions/A/OpenDirectory
0x000000000f4e5000 	/System/Library/PrivateFrameworks/CommonAuth.framework/Versions/A/CommonAuth
0x000000000f4e5000 	/System/Library/Frameworks/OpenDirectory.framework/Versions/A/Frameworks/CFOpenDirectory.framework/Versions/A/CFOpenDirectory
0x000000000f4e5000 	/System/Library/Frameworks/SecurityFoundation.framework/Versions/A/SecurityFoundation
0x000000000f4e5000 	/System/Library/PrivateFrameworks/APFS.framework/Versions/A/APFS
0x000000000f4e5000 	/usr/lib/libutil.dylib
0x000000000f4e5000 	/System/Library/PrivateFrameworks/AppleSauce.framework/Versions/A/AppleSauce
0x000000000f4e5000 	/System/Library/PrivateFrameworks/LinguisticData.framework/Versions/A/LinguisticData
0x000000000f4e5000 	/usr/lib/libmarisa.dylib
0x000000000f4e5000 	/System/Library/PrivateFrameworks/Lexicon.framework/Versions/A/Lexicon
0x000000000f4e5000 	/usr/lib/libChineseTokenizer.dylib
0x000000000f4e5000 	/usr/lib/libcmph.dylib
0x000000000f4e5000 	/System/Library/PrivateFrameworks/LanguageModeling.framework/Versions/A/LanguageModeling
0x000000000f4e5000 	/System/Library/PrivateFrameworks/CoreEmoji.framework/Versions/A/CoreEmoji
0x000000000f4e5000 	/System/Library/Frameworks/ServiceManagement.framework/Versions/A/ServiceManagement
0x000000000f4e5000 	/System/Library/PrivateFrameworks/BackgroundTaskManagement.framework/Versions/A/BackgroundTaskManagement
0x000000000f4e5000 	/usr/lib/libxslt.1.dylib
0x000000000f4e5000 	/System/Library/Frameworks/Carbon.framework/Versions/A/Frameworks/Ink.framework/Versions/A/Ink
0x000000000f4e5000 	/System/Library/PrivateFrameworks/TextureIO.framework/Versions/A/TextureIO
0x000000000f4e5000 	/usr/lib/libate.dylib
0x000000000f4e5000 	/System/Library/PrivateFrameworks/CrashReporterSupport.framework/Versions/A/CrashReporterSupport
0x000000000f4e5000 	/System/Library/PrivateFrameworks/Sharing.framework/Versions/A/Sharing
0x000000000f4e5000 	/System/Library/PrivateFrameworks/IconServices.framework/Versions/A/IconServices
0x000000000f4e5000 	/System/Library/PrivateFrameworks/Apple80211.framework/Versions/A/Apple80211
0x000000000f4e5000 	/System/Library/PrivateFrameworks/CoreUtils.framework/Versions/A/CoreUtils
0x000000000f4e5000 	/System/Library/Frameworks/CoreWLAN.framework/Versions/A/CoreWLAN
0x000000000f4e5000 	/System/Library/Frameworks/IOBluetooth.framework/Versions/A/IOBluetooth
0x000000000f4e5000 	/System/Library/PrivateFrameworks/ProtocolBuffer.framework/Versions/A/ProtocolBuffer
0x000000000f4e5000 	/System/Library/PrivateFrameworks/CoreWiFi.framework/Versions/A/CoreWiFi
0x000000000f4e5000 	/System/Library/Frameworks/CoreBluetooth.framework/Versions/A/CoreBluetooth
0x000000000f4e5000 	/System/Library/PrivateFrameworks/DebugSymbols.framework/Versions/A/DebugSymbols
0x000000000f4e5000 	/System/Library/PrivateFrameworks/CoreSymbolication.framework/Versions/A/CoreSymbolication
0x000000000f4e5000 	/System/Library/PrivateFrameworks/Symbolication.framework/Versions/A/Symbolication
0x000000000f4e5000 	/System/Library/PrivateFrameworks/AppleFSCompression.framework/Versions/A/AppleFSCompression
0x000000000f4e5000 	/System/Library/PrivateFrameworks/SpeechRecognitionCore.framework/Versions/A/SpeechRecognitionCore
0x0000000105c00000 	/Library/Java/JavaVirtualMachines/jdk1.8.0_171.jdk/Contents/Home/jre/lib/server/libjvm.dylib
0x000000000f4e5000 	/usr/lib/libstdc++.6.0.9.dylib
0x000000010520f000 	/Library/Java/JavaVirtualMachines/jdk1.8.0_171.jdk/Contents/Home/jre/lib/libverify.dylib
0x000000010521d000 	/Library/Java/JavaVirtualMachines/jdk1.8.0_171.jdk/Contents/Home/jre/lib/libjava.dylib
0x0000000105254000 	/Library/Java/JavaVirtualMachines/jdk1.8.0_171.jdk/Contents/Home/jre/lib/libjdwp.dylib
0x000000010529f000 	/Library/Java/JavaVirtualMachines/jdk1.8.0_171.jdk/Contents/Home/jre/lib/libnpt.dylib
0x00000001052ec000 	/Library/Java/JavaVirtualMachines/jdk1.8.0_171.jdk/Contents/Home/jre/lib/libzip.dylib
0x000000010edd8000 	/Library/Java/JavaVirtualMachines/jdk1.8.0_171.jdk/Contents/Home/jre/lib/libdt_socket.dylib
0x000000010ee2c000 	/Library/Java/JavaVirtualMachines/jdk1.8.0_171.jdk/Contents/Home/jre/lib/libawt.dylib
0x000000010eed6000 	/Library/Java/JavaVirtualMachines/jdk1.8.0_171.jdk/Contents/Home/jre/lib/./libmlib_image.dylib
0x000000000f4e5000 	/System/Library/Frameworks/JavaVM.framework/Versions/A/Frameworks/JavaNativeFoundation.framework/Versions/A/JavaNativeFoundation
0x000000000f4e5000 	/System/Library/Frameworks/JavaVM.framework/Versions/A/Frameworks/JavaRuntimeSupport.framework/Versions/A/JavaRuntimeSupport
0x000000000f4e5000 	/System/Library/Frameworks/JavaVM.framework/Versions/A/JavaVM
0x000000000f4e5000 	/System/Library/PrivateFrameworks/JavaLaunching.framework/Versions/A/JavaLaunching
0x000000000f4e5000 	/System/Library/Frameworks/Carbon.framework/Versions/A/Carbon
0x000000000f4e5000 	/System/Library/Frameworks/Carbon.framework/Versions/A/Frameworks/CommonPanels.framework/Versions/A/CommonPanels
0x000000000f4e5000 	/System/Library/Frameworks/Carbon.framework/Versions/A/Frameworks/Help.framework/Versions/A/Help
0x000000000f4e5000 	/System/Library/Frameworks/Carbon.framework/Versions/A/Frameworks/ImageCapture.framework/Versions/A/ImageCapture
0x000000000f4e5000 	/System/Library/Frameworks/Carbon.framework/Versions/A/Frameworks/OpenScripting.framework/Versions/A/OpenScripting
0x000000000f4e5000 	/System/Library/Frameworks/Carbon.framework/Versions/A/Frameworks/Print.framework/Versions/A/Print
0x000000000f4e5000 	/System/Library/Frameworks/Carbon.framework/Versions/A/Frameworks/SecurityHI.framework/Versions/A/SecurityHI
0x000000010efa2000 	/Library/Java/JavaVirtualMachines/jdk1.8.0_171.jdk/Contents/Home/jre/lib/libawt_lwawt.dylib
0x000000010f05c000 	/Library/Java/JavaVirtualMachines/jdk1.8.0_171.jdk/Contents/Home/jre/lib/./libosxapp.dylib
0x000000000f4e5000 	/System/Library/Frameworks/ExceptionHandling.framework/Versions/A/ExceptionHandling
0x000000000f4e5000 	/System/Library/PrivateFrameworks/CoreServicesInternal.framework/Versions/A/CoreServicesInternal
0x000000000f4e5000 	/System/Library/CoreServices/RawCamera.bundle/Contents/MacOS/RawCamera
0x000000000f4e5000 	/System/Library/PrivateFrameworks/MobileAsset.framework/Versions/A/MobileAsset
0x000000000f4e5000 	/System/Library/PrivateFrameworks/StreamingZip.framework/Versions/A/StreamingZip
0x000000000f4e5000 	/System/Library/Frameworks/MediaToolbox.framework/Versions/A/MediaToolbox
0x000000000f4e5000 	/System/Library/PrivateFrameworks/CoreAVCHD.framework/Versions/A/CoreAVCHD
0x000000000f4e5000 	/System/Library/Frameworks/MediaAccessibility.framework/Versions/A/MediaAccessibility
0x000000000f4e5000 	/System/Library/PrivateFrameworks/Mangrove.framework/Versions/A/Mangrove
0x000000000f4e5000 	/System/Library/Frameworks/CoreMedia.framework/Versions/A/CoreMedia
0x000000000f4e5000 	/System/Library/Frameworks/VideoToolbox.framework/Versions/A/VideoToolbox
0x000000000f4e5000 	/System/Library/PrivateFrameworks/CoreAUC.framework/Versions/A/CoreAUC
0x000000000f4e5000 	/usr/lib/libspindump.dylib
0x000000000f4e5000 	/System/Library/PrivateFrameworks/AppleVA.framework/Versions/A/AppleVA
0x000000000f4e5000 	/System/Library/Frameworks/Accelerate.framework/Versions/A/Frameworks/vImage.framework/Versions/A/Libraries/libCGInterfaces.dylib
0x000000000f4e5000 	/System/Library/Frameworks/ApplicationServices.framework/Versions/A/Frameworks/ATS.framework/Versions/A/Resources/libTrueTypeScaler.dylib
0x000000000f4e5000 	/System/Library/Extensions/AppleIntelBDWGraphicsMTLDriver.bundle/Contents/MacOS/AppleIntelBDWGraphicsMTLDriver
0x000000000f4e5000 	/System/Library/PrivateFrameworks/GPUCompiler.framework/Versions/3802/Libraries/libmetal_timestamp.dylib
0x000000000f4e5000 	/System/Library/PrivateFrameworks/FamilyControls.framework/Versions/A/FamilyControls
0x000000000f4e5000 	/System/Library/PrivateFrameworks/CommerceKit.framework/Versions/A/Frameworks/CommerceCore.framework/Versions/A/CommerceCore
0x000000000f4e5000 	/System/Library/PrivateFrameworks/SystemAdministration.framework/Versions/A/SystemAdministration
0x000000000f4e5000 	/System/Library/PrivateFrameworks/AppContainer.framework/Versions/A/AppContainer
0x000000000f4e5000 	/System/Library/PrivateFrameworks/SecCodeWrapper.framework/Versions/A/SecCodeWrapper
0x000000000f4e5000 	/System/Library/PrivateFrameworks/DiskManagement.framework/Versions/A/DiskManagement
0x000000000f4e5000 	/System/Library/Frameworks/DirectoryService.framework/Versions/A/DirectoryService
0x000000000f4e5000 	/System/Library/PrivateFrameworks/DiskImages.framework/Versions/A/DiskImages
0x000000000f4e5000 	/System/Library/PrivateFrameworks/LoginUIKit.framework/Versions/A/Frameworks/LoginUICore.framework/Versions/A/LoginUICore
0x000000000f4e5000 	/usr/lib/libCoreStorage.dylib
0x000000000f4e5000 	/usr/lib/libcsfde.dylib
0x000000000f4e5000 	/usr/lib/libodfde.dylib
0x000000000f4e5000 	/System/Library/PrivateFrameworks/MediaKit.framework/Versions/A/MediaKit
0x000000000f4e5000 	/System/Library/Frameworks/DiscRecording.framework/Versions/A/DiscRecording
0x000000000f4e5000 	/System/Library/PrivateFrameworks/EFILogin.framework/Versions/A/EFILogin
0x000000000f4e5000 	/System/Library/PrivateFrameworks/ProtectedCloudStorage.framework/Versions/A/ProtectedCloudStorage
0x000000000f4e5000 	/usr/lib/libcurl.4.dylib
0x000000000f4e5000 	/usr/lib/libcrypto.35.dylib
0x000000000f4e5000 	/usr/lib/libssl.35.dylib
0x000000000f4e5000 	/System/Library/Frameworks/LDAP.framework/Versions/A/LDAP
0x000000000f4e5000 	/System/Library/PrivateFrameworks/TrustEvaluationAgent.framework/Versions/A/TrustEvaluationAgent
0x000000000f4e5000 	/usr/lib/libsasl2.2.dylib
0x000000000f4e5000 	/System/Library/PrivateFrameworks/CoreDaemon.framework/Versions/B/CoreDaemon
0x000000000f4e5000 	/System/Library/PrivateFrameworks/AppleSRP.framework/Versions/A/AppleSRP
0x00000001118f7000 	/Library/Java/JavaVirtualMachines/jdk1.8.0_171.jdk/Contents/Home/jre/lib/libfontmanager.dylib
0x000000000f4e5000 	/System/Library/Frameworks/OpenGL.framework/Versions/A/Resources/GLEngine.bundle/GLEngine
0x000000000f4e5000 	/System/Library/Frameworks/OpenGL.framework/Versions/A/Libraries/libGLProgrammability.dylib
0x000000011195e000 	/System/Library/Extensions/AppleIntelBDWGraphicsGLDriver.bundle/Contents/MacOS/AppleIntelBDWGraphicsGLDriver
0x000000000f4e5000 	/System/Library/PrivateFrameworks/GPUSupport.framework/Versions/A/Libraries/libGPUSupportMercury.dylib
0x000000000f4e5000 	/System/Library/Frameworks/OpenGL.framework/Versions/A/Resources/GLRendererFloat.bundle/GLRendererFloat
0x000000000f4e5000 	/System/Library/Frameworks/OpenCL.framework/Versions/A/Libraries/libcldcpuengine.dylib
0x000000000f4e5000 	/System/Library/PrivateFrameworks/ViewBridge.framework/Versions/A/ViewBridge
0x0000000112b2c000 	/Library/Java/JavaVirtualMachines/jdk1.8.0_171.jdk/Contents/Home/jre/lib/libnet.dylib
0x0000000112b8b000 	/Library/Java/JavaVirtualMachines/jdk1.8.0_171.jdk/Contents/Home/jre/lib/libnio.dylib
0x0000000112b9b000 	/private/var/folders/t7/zzh6pw392vlfvw5l_4_8j9xh0000gp/T/jogamp_0000/file_cache/jln1028451059473054999/jln7095345921477913933/natives/macosx-universal/libgluegen-rt.jnilib
0x0000000112c24000 	/private/var/folders/t7/zzh6pw392vlfvw5l_4_8j9xh0000gp/T/jogamp_0000/file_cache/jln1028451059473054999/jln7095345921477913933/natives/macosx-universal/libnativewindow_awt.jnilib
0x0000000112c27000 	/Library/Java/JavaVirtualMachines/jdk1.8.0_171.jdk/Contents/Home/jre/lib/libjawt.dylib
0x0000000112c2a000 	/private/var/folders/t7/zzh6pw392vlfvw5l_4_8j9xh0000gp/T/jogamp_0000/file_cache/jln1028451059473054999/jln7095345921477913933/natives/macosx-universal/libnativewindow_macosx.jnilib
0x0000000112c34000 	/private/var/folders/t7/zzh6pw392vlfvw5l_4_8j9xh0000gp/T/jogamp_0000/file_cache/jln1028451059473054999/jln7095345921477913933/natives/macosx-universal/libnewt.jnilib
0x00000001110b6000 	/private/var/folders/t7/zzh6pw392vlfvw5l_4_8j9xh0000gp/T/jogamp_0000/file_cache/jln1028451059473054999/jln7095345921477913933/natives/macosx-universal/libjogl_desktop.jnilib
0x00000001111f5000 	/private/var/folders/t7/zzh6pw392vlfvw5l_4_8j9xh0000gp/T/jogamp_0000/file_cache/jln1028451059473054999/jln7095345921477913933/natives/macosx-universal/libjogl_mobile.jnilib
0x000000012cafc000 	/Library/Java/JavaVirtualMachines/jdk1.8.0_171.jdk/Contents/Home/jre/lib/libjpeg.dylib
0x000000015a03b000 	/Library/Java/JavaVirtualMachines/jdk1.8.0_171.jdk/Contents/Home/jre/lib/libt2k.dylib
0x000000000f4e5000 	/System/Library/PrivateFrameworks/login.framework/Versions/A/login

VM Arguments:
jvm_args: -agentlib:jdwp=transport=dt_socket,suspend=y,address=localhost:65131 -Dfile.encoding=UTF-8 
java_command: DrawingSurface
java_class_path (initial): /Library/Java/JavaVirtualMachines/jdk1.8.0_171.jdk/Contents/Home/jre/lib/resources.jar:/Library/Java/JavaVirtualMachines/jdk1.8.0_171.jdk/Contents/Home/jre/lib/rt.jar:/Library/Java/JavaVirtualMachines/jdk1.8.0_171.jdk/Contents/Home/jre/lib/jsse.jar:/Library/Java/JavaVirtualMachines/jdk1.8.0_171.jdk/Contents/Home/jre/lib/jce.jar:/Library/Java/JavaVirtualMachines/jdk1.8.0_171.jdk/Contents/Home/jre/lib/charsets.jar:/Library/Java/JavaVirtualMachines/jdk1.8.0_171.jdk/Contents/Home/jre/lib/jfr.jar:/Library/Java/JavaVirtualMachines/jdk1.8.0_171.jdk/Contents/Home/jre/lib/ext/sunec.jar:/Library/Java/JavaVirtualMachines/jdk1.8.0_171.jdk/Contents/Home/jre/lib/ext/nashorn.jar:/Library/Java/JavaVirtualMachines/jdk1.8.0_171.jdk/Contents/Home/jre/lib/ext/cldrdata.jar:/Library/Java/JavaVirtualMachines/jdk1.8.0_171.jdk/Contents/Home/jre/lib/ext/jfxrt.jar:/Library/Java/JavaVirtualMachines/jdk1.8.0_171.jdk/Contents/Home/jre/lib/ext/dnsns.jar:/Library/Java/JavaVirtualMachines/jdk1.8.0_171.jdk/Contents/Home/jre/lib/ext/localedata.jar:/Library/Java/JavaVirtualMachines/jdk1.8.0_171.jdk/Contents/Home/jre/lib/ext/sunjce_provider.jar:/Library/Java/JavaVirtualMachines/jdk1.8.0_171.jdk/Contents/Home/jre/lib/ext/sunpkcs11.jar:/Library/Java/JavaVirtualMachines/jdk1.8.0_171.jdk/Contents/Home/jre/lib/ext/jaccess.jar:/Library/Java/JavaVirtualMachines/jdk1.8.0_171.jdk/Contents/Home/jre/lib/ext/zipfs.jar:/System/Library/Java/Extensions/MRJToolkit.jar:/Users/Brent/git/AdvancedPlacementChampionsSoccer/bin:/Users/Brent/git/AdvancedPlacementChampionsSoccer/lib/core.jar:/Users/Brent/git/AdvancedPlacementChampionsSoccer/lib/gluegen-rt-natives-macosx-universal.jar:/Users/Brent/git/AdvancedPlacementChampionsSoccer/lib/gluegen-rt-natives-windows-amd64.jar:/Users/Brent/git/AdvancedPlacementChampionsSoccer/lib/gluegen-rt.jar:/Users/Brent/git/AdvancedPlacementChampionsSoccer/lib/gluegen.jar:/Users/Brent/git/AdvancedPlacementChampionsSoccer/lib/jogl-all-natives-macosx-universal.jar:/U
Launcher Type: SUN_STANDARD

Environment Variables:
PATH=/usr/bin:/bin:/usr/sbin:/sbin
SHELL=/bin/bash

Signal Handlers:
SIGSEGV: [libjvm.dylib+0x5b512d], sa_mask[0]=11111111011111110111111111111111, sa_flags=SA_ONSTACK|SA_RESTART|SA_SIGINFO
SIGBUS: [libjvm.dylib+0x5b512d], sa_mask[0]=11111111011111110111111111111111, sa_flags=SA_RESTART|SA_SIGINFO
SIGFPE: [libjvm.dylib+0x48aa90], sa_mask[0]=11111111011111110111111111111111, sa_flags=SA_RESTART|SA_SIGINFO
SIGPIPE: [libjvm.dylib+0x48aa90], sa_mask[0]=11111111011111110111111111111111, sa_flags=SA_RESTART|SA_SIGINFO
SIGXFSZ: [libjvm.dylib+0x48aa90], sa_mask[0]=11111111011111110111111111111111, sa_flags=SA_RESTART|SA_SIGINFO
SIGILL: [libjvm.dylib+0x48aa90], sa_mask[0]=11111111011111110111111111111111, sa_flags=SA_RESTART|SA_SIGINFO
SIGUSR1: SIG_DFL, sa_mask[0]=00000000000000000000000000000000, sa_flags=none
SIGUSR2: [libjvm.dylib+0x48a5ae], sa_mask[0]=00100000000000000000000000000000, sa_flags=SA_RESTART|SA_SIGINFO
SIGHUP: [libjvm.dylib+0x488b79], sa_mask[0]=11111111011111110111111111111111, sa_flags=SA_RESTART|SA_SIGINFO
SIGINT: [libjvm.dylib+0x488b79], sa_mask[0]=11111111011111110111111111111111, sa_flags=SA_RESTART|SA_SIGINFO
SIGTERM: [libjvm.dylib+0x488b79], sa_mask[0]=11111111011111110111111111111111, sa_flags=SA_RESTART|SA_SIGINFO
SIGQUIT: [libjvm.dylib+0x488b79], sa_mask[0]=11111111011111110111111111111111, sa_flags=SA_RESTART|SA_SIGINFO


---------------  S Y S T E M  ---------------

OS:Bsduname:Darwin 17.5.0 Darwin Kernel Version 17.5.0: Fri Apr 13 19:32:32 PDT 2018; root:xnu-4570.51.2~1/RELEASE_X86_64 x86_64
rlimit: STACK 8192k, CORE 0k, NPROC 709, NOFILE 10240, AS infinity
load average:2.18 1.87 1.78

CPU:total 4 (initial active 4) (2 cores per cpu, 2 threads per core) family 6 model 61 stepping 4, cmov, cx8, fxsr, mmx, sse, sse2, sse3, ssse3, sse4.1, sse4.2, popcnt, avx, avx2, aes, clmul, erms, 3dnowpref, lzcnt, ht, tsc, tscinvbit, bmi1, bmi2, adx

Memory: 4k page, physical 8388608k(24048k free)

/proc/meminfo:


vm_info: Java HotSpot(TM) 64-Bit Server VM (25.171-b11) for bsd-amd64 JRE (1.8.0_171-b11), built on Mar 28 2018 12:50:57 by "java_re" with gcc 4.2.1 (Based on Apple Inc. build 5658) (LLVM build 2336.11.00)

time: Sun May 20 18:42:22 2018
elapsed time: 56 seconds (0d 0h 0m 56s)

